{"/Users/jharrell/projects/mirionline/mocha.conf.js":{"path":"/Users/jharrell/projects/mirionline/mocha.conf.js","s":{"1":1,"2":1,"3":1,"4":1,"5":1,"6":1,"7":1,"8":1,"9":1},"b":{},"f":{},"fnMap":{},"statementMap":{"1":{"start":{"line":3,"column":0},"end":{"line":3,"column":27}},"2":{"start":{"line":4,"column":0},"end":{"line":4,"column":34}},"3":{"start":{"line":7,"column":0},"end":{"line":7,"column":28}},"4":{"start":{"line":8,"column":0},"end":{"line":8,"column":28}},"5":{"start":{"line":9,"column":0},"end":{"line":9,"column":14}},"6":{"start":{"line":12,"column":0},"end":{"line":12,"column":32}},"7":{"start":{"line":15,"column":0},"end":{"line":15,"column":32}},"8":{"start":{"line":16,"column":0},"end":{"line":16,"column":38}},"9":{"start":{"line":17,"column":0},"end":{"line":17,"column":33}}},"branchMap":{}}}